<?xml version="1.0" encoding="UTF-8"?>
<robot generator="Robot 7.4.2 (Python 3.10.7 on win32)" generated="2026-08-23T22:10:02.520970" rpa="false" schemaversion="5">
<suite id="s1" name="Catalogo" source="C:\ws_2026\PesquisadeMercado\tests\catalogo.robot">
<test id="s1-t1" name="Processar Catalogo Completo Automaticamente" line="14">
<kw name="Log" owner="BuiltIn">
<msg time="2026-08-23T22:10:03.015682" level="INFO">
🚀 INICIANDO PROCESSAMENTO AUTOMÁTICO</msg>
<arg>\n🚀 INICIANDO PROCESSAMENTO AUTOMÁTICO</arg>
<arg>console=True</arg>
<doc>Logs the given message with the given level.</doc>
<status status="PASS" start="2026-08-23T22:10:03.014685" elapsed="0.001996"/>
</kw>
<kw name="Processar Catalogo Completo">
<msg time="2026-08-23T22:10:03.028242" level="FAIL">No keyword with name 'Processar Catalogo Completo' found.</msg>
<var>${resultado}</var>
<status status="FAIL" start="2026-08-23T22:10:03.028242" elapsed="0.000000">No keyword with name 'Processar Catalogo Completo' found.</status>
</kw>
<kw name="Set Variable" owner="BuiltIn">
<var>${success}</var>
<arg>${resultado.get('success', False)}</arg>
<doc>Returns the given values which can then be assigned to a variables.</doc>
<status status="NOT RUN" start="2026-08-23T22:10:03.028242" elapsed="0.000997"/>
</kw>
<if>
<branch type="IF" condition="not ${success}">
<kw name="Log" owner="BuiltIn">
<arg>❌ Falha no processamento!</arg>
<arg>console=True</arg>
<doc>Logs the given message with the given level.</doc>
<status status="NOT RUN" start="2026-08-23T22:10:03.032231" elapsed="0.000000"/>
</kw>
<kw name="Log" owner="BuiltIn">
<arg>Erro: ${resultado.get('error', 'Desconhecido')}</arg>
<arg>console=True</arg>
<doc>Logs the given message with the given level.</doc>
<status status="NOT RUN" start="2026-08-23T22:10:03.033228" elapsed="0.000000"/>
</kw>
<kw name="Fail" owner="BuiltIn">
<arg>msg=Falha no processamento do catálogo</arg>
<doc>Fails the test with the given message and optionally alters its tags.</doc>
<status status="NOT RUN" start="2026-08-23T22:10:03.033228" elapsed="0.000000"/>
</kw>
<status status="NOT RUN" start="2026-08-23T22:10:03.030237" elapsed="0.002991"/>
</branch>
<status status="NOT RUN" start="2026-08-23T22:10:03.030237" elapsed="0.002991"/>
</if>
<kw name="Set Variable" owner="BuiltIn">
<var>${estoques_organizados}</var>
<arg>${resultado['estoques_organizados']}</arg>
<doc>Returns the given values which can then be assigned to a variables.</doc>
<status status="NOT RUN" start="2026-08-23T22:10:03.037217" elapsed="0.000000"/>
</kw>
<kw name="Set Variable" owner="BuiltIn">
<var>${produtos_com_estoque}</var>
<arg>${resultado['produtos_com_estoque']}</arg>
<doc>Returns the given values which can then be assigned to a variables.</doc>
<status status="NOT RUN" start="2026-08-23T22:10:03.056553" elapsed="0.000000"/>
</kw>
<kw name="Set Variable" owner="BuiltIn">
<var>${response_estoque}</var>
<arg>${resultado['response_estoque']}</arg>
<doc>Returns the given values which can then be assigned to a variables.</doc>
<status status="NOT RUN" start="2026-08-23T22:10:03.057551" elapsed="0.000000"/>
</kw>
<kw name="Get Length" owner="BuiltIn">
<var>${total_produtos}</var>
<arg>${produtos_com_estoque}</arg>
<doc>Returns and logs the length of the given item as an integer.</doc>
<status status="NOT RUN" start="2026-08-23T22:10:03.058549" elapsed="0.000000"/>
</kw>
<kw name="Log" owner="BuiltIn">
<arg>\n✅ PROCESSAMENTO CONCLUÍDO!</arg>
<arg>console=True</arg>
<doc>Logs the given message with the given level.</doc>
<status status="NOT RUN" start="2026-08-23T22:10:03.061540" elapsed="0.000000"/>
</kw>
<kw name="Log" owner="BuiltIn">
<arg>Total de produtos com estoque: ${total_produtos}</arg>
<arg>console=True</arg>
<doc>Logs the given message with the given level.</doc>
<status status="NOT RUN" start="2026-08-23T22:10:03.064533" elapsed="0.000000"/>
</kw>
<kw name="Log" owner="BuiltIn">
<arg>\n===== CATÁLOGO ORGANIZADO POR ESTOQUE =====</arg>
<arg>console=True</arg>
<doc>Logs the given message with the given level.</doc>
<status status="NOT RUN" start="2026-08-23T22:10:03.065530" elapsed="0.000000"/>
</kw>
<kw name="Evaluate" owner="BuiltIn">
<var>${estoque_ids}</var>
<arg>list($estoques_organizados.keys())</arg>
<doc>Evaluates the given expression in Python and returns the result.</doc>
<status status="NOT RUN" start="2026-08-23T22:10:03.066528" elapsed="0.000998"/>
</kw>
<for flavor="IN">
<iter>
<kw name="Evaluate" owner="BuiltIn">
<var>${produtos_estoque}</var>
<arg>$estoques_organizados[$estoque_id]</arg>
<doc>Evaluates the given expression in Python and returns the result.</doc>
<status status="NOT RUN" start="2026-08-23T22:10:03.069125" elapsed="0.000000"/>
</kw>
<kw name="Get Length" owner="BuiltIn">
<var>${qtd_produtos}</var>
<arg>${produtos_estoque}</arg>
<doc>Returns and logs the length of the given item as an integer.</doc>
<status status="NOT RUN" start="2026-08-23T22:10:03.069125" elapsed="0.000998"/>
</kw>
<kw name="Log" owner="BuiltIn">
<arg>\n📦 Estoque ${estoque_id} (${qtd_produtos} produtos):</arg>
<arg>console=True</arg>
<doc>Logs the given message with the given level.</doc>
<status status="NOT RUN" start="2026-08-23T22:10:03.070499" elapsed="0.000000"/>
</kw>
<kw name="Log" owner="BuiltIn">
<arg>${'-' * 50}</arg>
<arg>console=True</arg>
<doc>Logs the given message with the given level.</doc>
<status status="NOT RUN" start="2026-08-23T22:10:03.070499" elapsed="0.000000"/>
</kw>
<for flavor="IN">
<iter>
<kw name="Set Variable" owner="BuiltIn">
<var>${produto_id}</var>
<arg>${produto['id']}</arg>
<doc>Returns the given values which can then be assigned to a variables.</doc>
<status status="NOT RUN" start="2026-08-23T22:10:03.071498" elapsed="0.000000"/>
</kw>
<kw name="Set Variable" owner="BuiltIn">
<var>${descricao}</var>
<arg>${produto.get('descricao', 'N/A')}</arg>
<doc>Returns the given values which can then be assigned to a variables.</doc>
<status status="NOT RUN" start="2026-08-23T22:10:03.071498" elapsed="0.000000"/>
</kw>
<kw name="Log" owner="BuiltIn">
<arg>ID: ${produto_id} | ${descricao}</arg>
<arg>console=True</arg>
<doc>Logs the given message with the given level.</doc>
<status status="NOT RUN" start="2026-08-23T22:10:03.071498" elapsed="0.000000"/>
</kw>
<var name="${produto}"/>
<status status="NOT RUN" start="2026-08-23T22:10:03.070499" elapsed="0.000999"/>
</iter>
<var>${produto}</var>
<value>@{produtos_estoque}</value>
<status status="NOT RUN" start="2026-08-23T22:10:03.070499" elapsed="0.001996"/>
</for>
<var name="${estoque_id}"/>
<status status="NOT RUN" start="2026-08-23T22:10:03.069125" elapsed="0.003370"/>
</iter>
<var>${estoque_id}</var>
<value>@{estoque_ids}</value>
<status status="NOT RUN" start="2026-08-23T22:10:03.068522" elapsed="0.003973"/>
</for>
<kw name="Evaluate" owner="BuiltIn">
<var>${json_text}</var>
<arg>__import__('json').dumps($response_estoque, ensure_ascii=False, indent=2)</arg>
<doc>Evaluates the given expression in Python and returns the result.</doc>
<status status="NOT RUN" start="2026-08-23T22:10:03.073257" elapsed="0.000000"/>
</kw>
<kw name="Create File" owner="OperatingSystem">
<arg>${OUTPUT_JSON}</arg>
<arg>${json_text}</arg>
<arg>encoding=UTF-8</arg>
<doc>Creates a file with the given content and encoding.</doc>
<status status="NOT RUN" start="2026-08-23T22:10:03.073257" elapsed="0.000000"/>
</kw>
<kw name="Set Variable" owner="BuiltIn">
<var>${csv_content}</var>
<arg>ESTOQUE;ID;DESCRICAO;CODIGO;UNIDADE\n</arg>
<doc>Returns the given values which can then be assigned to a variables.</doc>
<status status="NOT RUN" start="2026-08-23T22:10:03.074253" elapsed="0.000000"/>
</kw>
<for flavor="IN">
<iter>
<kw name="Evaluate" owner="BuiltIn">
<var>${produtos_estoque}</var>
<arg>$estoques_organizados[$estoque_id]</arg>
<doc>Evaluates the given expression in Python and returns the result.</doc>
<status status="NOT RUN" start="2026-08-23T22:10:03.075251" elapsed="0.000000"/>
</kw>
<for flavor="IN">
<iter>
<kw name="Set Variable" owner="BuiltIn">
<var>${pid}</var>
<arg>${produto['id']}</arg>
<doc>Returns the given values which can then be assigned to a variables.</doc>
<status status="NOT RUN" start="2026-08-23T22:10:03.075251" elapsed="0.000000"/>
</kw>
<kw name="Set Variable" owner="BuiltIn">
<var>${pdesc}</var>
<arg>${produto.get('descricao', '')}</arg>
<doc>Returns the given values which can then be assigned to a variables.</doc>
<status status="NOT RUN" start="2026-08-23T22:10:03.076248" elapsed="0.000000"/>
</kw>
<kw name="Set Variable" owner="BuiltIn">
<var>${pcod}</var>
<arg>${produto.get('codigo', '')}</arg>
<doc>Returns the given values which can then be assigned to a variables.</doc>
<status status="NOT RUN" start="2026-08-23T22:10:03.076248" elapsed="0.000000"/>
</kw>
<kw name="Set Variable" owner="BuiltIn">
<var>${puni}</var>
<arg>${produto.get('unidade', '')}</arg>
<doc>Returns the given values which can then be assigned to a variables.</doc>
<status status="NOT RUN" start="2026-08-23T22:10:03.076248" elapsed="0.000000"/>
</kw>
<kw name="Set Variable" owner="BuiltIn">
<var>${csv_content}</var>
<arg>${csv_content}${estoque_id};${pid};${pdesc};${pcod};${puni}\n</arg>
<doc>Returns the given values which can then be assigned to a variables.</doc>
<status status="NOT RUN" start="2026-08-23T22:10:03.076248" elapsed="0.000998"/>
</kw>
<var name="${produto}"/>
<status status="NOT RUN" start="2026-08-23T22:10:03.075251" elapsed="0.001995"/>
</iter>
<var>${produto}</var>
<value>@{produtos_estoque}</value>
<status status="NOT RUN" start="2026-08-23T22:10:03.075251" elapsed="0.001995"/>
</for>
<var name="${estoque_id}"/>
<status status="NOT RUN" start="2026-08-23T22:10:03.075251" elapsed="0.001995"/>
</iter>
<var>${estoque_id}</var>
<value>@{estoque_ids}</value>
<status status="NOT RUN" start="2026-08-23T22:10:03.074253" elapsed="0.002993"/>
</for>
<kw name="Create File" owner="OperatingSystem">
<arg>${OUTPUT_CSV}</arg>
<arg>${csv_content}</arg>
<arg>encoding=UTF-8</arg>
<doc>Creates a file with the given content and encoding.</doc>
<status status="NOT RUN" start="2026-08-23T22:10:03.078244" elapsed="0.000000"/>
</kw>
<kw name="Log" owner="BuiltIn">
<arg>\n📁 Resultados salvos:</arg>
<arg>console=True</arg>
<doc>Logs the given message with the given level.</doc>
<status status="NOT RUN" start="2026-08-23T22:10:03.079241" elapsed="0.000000"/>
</kw>
<kw name="Log" owner="BuiltIn">
<arg>- JSON: ${OUTPUT_JSON}</arg>
<arg>console=True</arg>
<doc>Logs the given message with the given level.</doc>
<status status="NOT RUN" start="2026-08-23T22:10:03.079241" elapsed="0.000000"/>
</kw>
<kw name="Log" owner="BuiltIn">
<arg>- CSV: ${OUTPUT_CSV}</arg>
<arg>console=True</arg>
<doc>Logs the given message with the given level.</doc>
<status status="NOT RUN" start="2026-08-23T22:10:03.080521" elapsed="0.000000"/>
</kw>
<doc>Busca catálogo completo, consulta estoques e organiza resultados.</doc>
<tag>api</tag>
<tag>catalogo</tag>
<tag>completo</tag>
<tag>estoque</tag>
<status status="FAIL" start="2026-08-23T22:10:03.009698" elapsed="0.071915">No keyword with name 'Processar Catalogo Completo' found.</status>
</test>
<status status="FAIL" start="2026-08-23T22:10:02.540010" elapsed="0.550795"/>
</suite>
<statistics>
<total>
<stat pass="0" fail="1" skip="0">All Tests</stat>
</total>
<tag>
<stat pass="0" fail="1" skip="0">api</stat>
<stat pass="0" fail="1" skip="0">catalogo</stat>
<stat pass="0" fail="1" skip="0">completo</stat>
<stat pass="0" fail="1" skip="0">estoque</stat>
</tag>
<suite>
<stat name="Catalogo" id="s1" pass="0" fail="1" skip="0">Catalogo</stat>
</suite>
</statistics>
<errors>
<msg time="2026-08-23T22:10:03.007703" level="ERROR">Error in file 'C:\ws_2026\PesquisadeMercado\tests\catalogo.robot' on line 5: Importing library 'catalogo_api.CatalogoAPI' failed: ModuleNotFoundError: No module named 'catalogo_api'
Traceback (most recent call last):
  None
PYTHONPATH:
  C:\Users\admin\AppData\Local\Programs\Python\Python310\Scripts\robot.exe
  C:\ws_2026\PesquisadeMercado\scripts
  C:\Users\admin\AppData\Local\Programs\Python\Python310\python310.zip
  C:\Users\admin\AppData\Local\Programs\Python\Python310\DLLs
  C:\Users\admin\AppData\Local\Programs\Python\Python310\lib
  C:\Users\admin\AppData\Local\Programs\Python\Python310
  C:\Users\admin\AppData\Local\Programs\Python\Python310\lib\site-packages
  C:\Users\admin\AppData\Local\Programs\Python\Python310\lib\site-packages\win32
  C:\Users\admin\AppData\Local\Programs\Python\Python310\lib\site-packages\win32\lib
  C:\Users\admin\AppData\Local\Programs\Python\Python310\lib\site-packages\Pythonwin</msg>
</errors>
</robot>
